<?xml version="1.0" encoding="UTF-8"?>
<!-- Generated by org.testng.reporters.JUnitReportReporter -->
<testsuite hostname="Vikram" failures="0" tests="1" name="ParentOfAllProject.SeleniumFrameworkDesign.PageObject.SubmitOrderTest" time="7.852" errors="0" timestamp="2025-07-17T22:55:15 IST" skipped="0">
  <testcase classname="ParentOfAllProject.SeleniumFrameworkDesign.PageObject.SubmitOrderTest" name="submitOrder" time="7.852"/>
</testsuite> <!-- ParentOfAllProject.SeleniumFrameworkDesign.PageObject.SubmitOrderTest -->
